{"D:\\trash\\blog\\__tests__\\setup\\setupEnzyme.js": {"path":"D:\\trash\\blog\\__tests__\\setup\\setupEnzyme.js","statementMap":{"0":{"start":{"line":4,"column":0},"end":{"line":4,"column":43}}},"fnMap":{},"branchMap":{},"s":{"0":1},"f":{},"b":{},"_coverageSchema":"332fd63041d2c1bcb487cc26dd0d5f7d97098a6c","hash":"ca0e39f1a9342cafc87ce9834ec93678c15a6656"}
,"D:\\trash\\blog\\src\\components\\Root.jsx": {"path":"D:\\trash\\blog\\src\\components\\Root.jsx","statementMap":{"0":{"start":{"line":3,"column":13},"end":{"line":9,"column":1}},"1":{"start":{"line":4,"column":2},"end":{"line":8,"column":4}}},"fnMap":{"0":{"name":"(anonymous_0)","decl":{"start":{"line":3,"column":13},"end":{"line":3,"column":14}},"loc":{"start":{"line":3,"column":19},"end":{"line":9,"column":1}},"line":3}},"branchMap":{},"s":{"0":1,"1":1},"f":{"0":1},"b":{},"_coverageSchema":"332fd63041d2c1bcb487cc26dd0d5f7d97098a6c","hash":"07b7702d4a2026c272dd556d077ef7b131142851"}
}
